Command line:
   ee201_debounce_DPB_SCEN_CCEN_MCEN_isim_beh.exe
     -simmode  gui
     -simrunnum  0
     -socket  65435

Sun Nov 30 16:58:08 2014


 Elaboration Time: 0.0468 sec

 Current Memory Usage: 825.532 Meg

 Total Signals          : 23
 Total Nets             : 19
 Total Signal Drivers   : 12
 Total Blocks           : 4
 Total Primitive Blocks : 2
 Total Processes        : 13
 Total Traceable Variables  : 34
 Total Scalar Nets and Variables : 205
Total Line Count : 95

 Total Simulation Time: 0.156 sec

 Current Memory Usage: 1140.11 Meg

Sun Nov 30 16:58:28 2014

