Command line:
   letter_sm_tb_isim_beh.exe
     -simmode  gui
     -simrunnum  0
     -socket  65425

Sun Nov 30 16:56:43 2014


 Elaboration Time: 0.078 sec

 Current Memory Usage: 825.549 Meg

 Total Signals          : 72
 Total Nets             : 71
 Total Signal Drivers   : 39
 Total Blocks           : 4
 Total Primitive Blocks : 2
 Total Processes        : 20
 Total Traceable Variables  : 54
 Total Scalar Nets and Variables : 912
Total Line Count : 319

 Total Simulation Time: 0.078 sec

 Current Memory Usage: 1140.12 Meg

Sun Nov 30 16:57:38 2014

