Command line:
   dot_dash_tb_isim_beh.exe
     -simmode  gui
     -simrunnum  0
     -socket  49725

Sun Nov 30 18:00:45 2014


 Elaboration Time: 0.0936 sec

 Current Memory Usage: 825.532 Meg

 Total Signals          : 20
 Total Nets             : 20
 Total Signal Drivers   : 13
 Total Blocks           : 4
 Total Primitive Blocks : 2
 Total Processes        : 19
 Total Traceable Variables  : 29
 Total Scalar Nets and Variables : 173
Total Line Count : 58

 Total Simulation Time: 0.0936 sec

 Current Memory Usage: 668.246 Meg

Sun Nov 30 18:16:36 2014

